[2024-02-01T12:42:06.452+0000] {manager.py:469} INFO - Processing files using up to 1 processes at a time 
[2024-02-01T12:42:06.509+0000] {manager.py:470} INFO - Process each file at most once every 30 seconds
[2024-02-01T12:42:06.553+0000] {manager.py:471} INFO - Checking for new files in /opt/airflow/dags every 300 seconds
[2024-02-01T12:42:06.618+0000] {manager.py:738} INFO - Searching for files in /opt/airflow/dags
[2024-02-01T12:42:06.674+0000] {manager.py:741} INFO - There are 0 files in /opt/airflow/dags
[2024-02-01T12:47:07.205+0000] {manager.py:738} INFO - Searching for files in /opt/airflow/dags
[2024-02-01T12:47:07.286+0000] {manager.py:741} INFO - There are 0 files in /opt/airflow/dags
[2024-02-01T12:52:07.623+0000] {manager.py:738} INFO - Searching for files in /opt/airflow/dags
[2024-02-01T12:52:07.794+0000] {manager.py:741} INFO - There are 0 files in /opt/airflow/dags
[2024-02-01T12:57:07.796+0000] {manager.py:738} INFO - Searching for files in /opt/airflow/dags
[2024-02-01T12:57:07.830+0000] {manager.py:741} INFO - There are 1 files in /opt/airflow/dags
[2024-02-01T12:57:29.769+0000] {manager.py:879} INFO - 
================================================================================
DAG File Processing Stats

File Path                             PID    Runtime      # DAGs    # Errors  Last Runtime    Last Run
------------------------------------  -----  ---------  --------  ----------  --------------  -------------------
/opt/airflow/dags/s3_postgres_dag.py                           1           0  2.72s           2024-02-01T12:57:10
================================================================================
[2024-02-01T12:58:00.562+0000] {manager.py:879} INFO - 
================================================================================
DAG File Processing Stats

File Path                             PID    Runtime      # DAGs    # Errors  Last Runtime    Last Run
------------------------------------  -----  ---------  --------  ----------  --------------  -------------------
/opt/airflow/dags/s3_postgres_dag.py                           1           0  0.34s           2024-02-01T12:57:41
================================================================================
[2024-02-01T12:58:30.664+0000] {manager.py:879} INFO - 
================================================================================
DAG File Processing Stats

File Path                             PID    Runtime      # DAGs    # Errors  Last Runtime    Last Run
------------------------------------  -----  ---------  --------  ----------  --------------  -------------------
/opt/airflow/dags/s3_postgres_dag.py                           0           1  0.21s           2024-02-01T12:58:25
================================================================================
[2024-02-01T12:59:01.599+0000] {manager.py:879} INFO - 
================================================================================
DAG File Processing Stats

File Path                             PID    Runtime      # DAGs    # Errors  Last Runtime    Last Run
------------------------------------  -----  ---------  --------  ----------  --------------  -------------------
/opt/airflow/dags/s3_postgres_dag.py                           0           1  0.21s           2024-02-01T12:58:56
================================================================================
[2024-02-01T12:59:32.588+0000] {manager.py:879} INFO - 
================================================================================
DAG File Processing Stats

File Path                             PID    Runtime      # DAGs    # Errors  Last Runtime    Last Run
------------------------------------  -----  ---------  --------  ----------  --------------  -------------------
/opt/airflow/dags/s3_postgres_dag.py                           0           1  0.22s           2024-02-01T12:59:27
================================================================================
[2024-02-01T13:00:02.774+0000] {manager.py:879} INFO - 
================================================================================
DAG File Processing Stats

File Path                             PID    Runtime      # DAGs    # Errors  Last Runtime    Last Run
------------------------------------  -----  ---------  --------  ----------  --------------  -------------------
/opt/airflow/dags/s3_postgres_dag.py                           0           1  0.31s           2024-02-01T12:59:38
================================================================================
[2024-02-01T13:00:33.693+0000] {manager.py:879} INFO - 
================================================================================
DAG File Processing Stats

File Path                             PID    Runtime      # DAGs    # Errors  Last Runtime    Last Run
------------------------------------  -----  ---------  --------  ----------  --------------  -------------------
/opt/airflow/dags/s3_postgres_dag.py                           0           1  0.20s           2024-02-01T13:00:09
================================================================================
[2024-02-01T13:01:03.851+0000] {manager.py:879} INFO - 
================================================================================
DAG File Processing Stats

File Path                             PID    Runtime      # DAGs    # Errors  Last Runtime    Last Run
------------------------------------  -----  ---------  --------  ----------  --------------  -------------------
/opt/airflow/dags/s3_postgres_dag.py                           0           1  0.22s           2024-02-01T13:00:40
================================================================================
[2024-02-01T13:01:33.977+0000] {manager.py:879} INFO - 
================================================================================
DAG File Processing Stats

File Path                             PID    Runtime      # DAGs    # Errors  Last Runtime    Last Run
------------------------------------  -----  ---------  --------  ----------  --------------  -------------------
/opt/airflow/dags/s3_postgres_dag.py                           0           1  0.64s           2024-02-01T13:01:12
================================================================================
[2024-02-01T13:02:05.075+0000] {manager.py:879} INFO - 
================================================================================
DAG File Processing Stats

File Path                             PID    Runtime      # DAGs    # Errors  Last Runtime    Last Run
------------------------------------  -----  ---------  --------  ----------  --------------  -------------------
/opt/airflow/dags/s3_postgres_dag.py                           0           1  0.22s           2024-02-01T13:01:43
================================================================================
[2024-02-01T13:02:07.968+0000] {manager.py:738} INFO - Searching for files in /opt/airflow/dags
[2024-02-01T13:02:08.010+0000] {manager.py:741} INFO - There are 1 files in /opt/airflow/dags
[2024-02-01T13:02:35.597+0000] {manager.py:879} INFO - 
================================================================================
DAG File Processing Stats

File Path                             PID    Runtime      # DAGs    # Errors  Last Runtime    Last Run
------------------------------------  -----  ---------  --------  ----------  --------------  -------------------
/opt/airflow/dags/s3_postgres_dag.py                           0           1  0.53s           2024-02-01T13:02:13
================================================================================
[2024-02-01T13:03:06.677+0000] {manager.py:879} INFO - 
================================================================================
DAG File Processing Stats

File Path                             PID    Runtime      # DAGs    # Errors  Last Runtime    Last Run
------------------------------------  -----  ---------  --------  ----------  --------------  -------------------
/opt/airflow/dags/s3_postgres_dag.py                           0           1  0.21s           2024-02-01T13:02:44
================================================================================
[2024-02-01T13:03:36.736+0000] {manager.py:879} INFO - 
================================================================================
DAG File Processing Stats

File Path                             PID    Runtime      # DAGs    # Errors  Last Runtime    Last Run
------------------------------------  -----  ---------  --------  ----------  --------------  -------------------
/opt/airflow/dags/s3_postgres_dag.py                           0           1  0.21s           2024-02-01T13:03:15
================================================================================
